<?xml version="1.0" encoding="UTF-8"?>
<testng-results ignored="0" total="1" passed="1" failed="0" skipped="0">
  <reporter-output>
  </reporter-output>
  <suite started-at="2022-03-13T18:19:01 IST" name="Default suite" finished-at="2022-03-13T18:19:03 IST" duration-ms="2253">
    <groups>
    </groups>
    <test started-at="2022-03-13T18:19:01 IST" name="Default test" finished-at="2022-03-13T18:19:03 IST" duration-ms="2253">
      <class name="Test.Employee">
        <test-method signature="FirstTest()[pri:0, instance:Test.Employee@4b5a5ed1]" started-at="2022-03-13T18:19:01 IST" name="FirstTest" finished-at="2022-03-13T18:19:03 IST" duration-ms="2216" status="PASS">
          <reporter-output>
          </reporter-output>
        </test-method> <!-- FirstTest -->
      </class> <!-- Test.Employee -->
    </test> <!-- Default test -->
  </suite> <!-- Default suite -->
</testng-results>
